The system is: Windows - 10.0.18363 - AMD64
Compiling the C compiler identification source file "CMakeCCompilerId.c" succeeded.
Compiler: A:/Software/Visual Studio/VC/Tools/MSVC/14.27.29110/bin/Hostx86/x64/cl.exe 
Build flags: 
Id flags:  

The output was:
0
Microsoft (R) C/C++ Optimizing Compiler Version 19.27.29112 for x64
Copyright (C) Microsoft Corporation.  All rights reserved.

CMakeCCompilerId.c
Microsoft (R) Incremental Linker Version 14.27.29112.0
Copyright (C) Microsoft Corporation.  All rights reserved.

/out:CMakeCCompilerId.exe 
CMakeCCompilerId.obj 


Compilation of the C compiler identification source "CMakeCCompilerId.c" produced "CMakeCCompilerId.exe"

Compilation of the C compiler identification source "CMakeCCompilerId.c" produced "CMakeCCompilerId.obj"

The C compiler identification is MSVC, found in "A:/GitHub/pa4-nerffan1/build/x64-Debug/CMakeFiles/3.17.20032601-MSVC_2/CompilerIdC/CMakeCCompilerId.exe"

Compiling the CXX compiler identification source file "CMakeCXXCompilerId.cpp" succeeded.
Compiler: A:/Software/Visual Studio/VC/Tools/MSVC/14.27.29110/bin/Hostx86/x64/cl.exe 
Build flags: 
Id flags:  

The output was:
0
Microsoft (R) C/C++ Optimizing Compiler Version 19.27.29112 for x64
Copyright (C) Microsoft Corporation.  All rights reserved.

CMakeCXXCompilerId.cpp
Microsoft (R) Incremental Linker Version 14.27.29112.0
Copyright (C) Microsoft Corporation.  All rights reserved.

/out:CMakeCXXCompilerId.exe 
CMakeCXXCompilerId.obj 


Compilation of the CXX compiler identification source "CMakeCXXCompilerId.cpp" produced "CMakeCXXCompilerId.exe"

Compilation of the CXX compiler identification source "CMakeCXXCompilerId.cpp" produced "CMakeCXXCompilerId.obj"

The CXX compiler identification is MSVC, found in "A:/GitHub/pa4-nerffan1/build/x64-Debug/CMakeFiles/3.17.20032601-MSVC_2/CompilerIdCXX/CMakeCXXCompilerId.exe"

Determining if the C compiler works passed with the following output:
Change Dir: A:/GitHub/pa4-nerffan1/build/x64-Debug/CMakeFiles/CMakeTmp

Run Build Command(s):A:/Software/Visual Studio/Common7/IDE/CommonExtensions/Microsoft/CMake/Ninja/ninja.exe cmTC_08a94 && [1/2] Building C object CMakeFiles\cmTC_08a94.dir\testCCompiler.c.obj
[2/2] Linking C executable cmTC_08a94.exe



Detecting C compiler ABI info compiled with the following output:
Change Dir: A:/GitHub/pa4-nerffan1/build/x64-Debug/CMakeFiles/CMakeTmp

Run Build Command(s):A:/Software/Visual Studio/Common7/IDE/CommonExtensions/Microsoft/CMake/Ninja/ninja.exe cmTC_2498c && [1/2] Building C object CMakeFiles\cmTC_2498c.dir\CMakeCCompilerABI.c.obj
[2/2] Linking C executable cmTC_2498c.exe



Determining if the CXX compiler works passed with the following output:
Change Dir: A:/GitHub/pa4-nerffan1/build/x64-Debug/CMakeFiles/CMakeTmp

Run Build Command(s):A:/Software/Visual Studio/Common7/IDE/CommonExtensions/Microsoft/CMake/Ninja/ninja.exe cmTC_df759 && [1/2] Building CXX object CMakeFiles\cmTC_df759.dir\testCXXCompiler.cxx.obj
[2/2] Linking CXX executable cmTC_df759.exe



Detecting CXX compiler ABI info compiled with the following output:
Change Dir: A:/GitHub/pa4-nerffan1/build/x64-Debug/CMakeFiles/CMakeTmp

Run Build Command(s):A:/Software/Visual Studio/Common7/IDE/CommonExtensions/Microsoft/CMake/Ninja/ninja.exe cmTC_7ac8c && [1/2] Building CXX object CMakeFiles\cmTC_7ac8c.dir\CMakeCXXCompilerABI.cpp.obj
[2/2] Linking CXX executable cmTC_7ac8c.exe



